<?xml version="1.0" encoding="UTF-8"?>
<testng-results ignored="0" total="1" passed="1" failed="0" skipped="0">
  <reporter-output>
    <line>
      <![CDATA[Dummy is executed]]>
    </line>
  </reporter-output>
  <suite started-at="2025-05-09T11:38:35 IST" name="Suite" finished-at="2025-05-09T11:38:38 IST" duration-ms="3761">
    <groups>
    </groups>
    <test started-at="2025-05-09T11:38:35 IST" name="Test" finished-at="2025-05-09T11:38:38 IST" duration-ms="3761">
      <class name="Dummy.DummyProject1">
        <test-method signature="addDummy()[pri:0, instance:Dummy.DummyProject1@5c6648b0]" started-at="2025-05-09T11:38:35 IST" name="addDummy" finished-at="2025-05-09T11:38:38 IST" duration-ms="3699" status="PASS">
          <reporter-output>
            <line>
              <![CDATA[Dummy is executed]]>
            </line>
          </reporter-output>
        </test-method> <!-- addDummy -->
      </class> <!-- Dummy.DummyProject1 -->
    </test> <!-- Test -->
  </suite> <!-- Suite -->
</testng-results>
